[15:59:01] [ServerMain/INFO]: Environment: Environment[sessionHost=https://sessionserver.mojang.com, servicesHost=https://api.minecraftservices.com, name=PROD]
[15:59:04] [ServerMain/INFO]: Loaded 1290 recipes
[15:59:05] [ServerMain/INFO]: Loaded 1399 advancements
[15:59:05] [Server thread/INFO]: Starting minecraft server version 1.21
[15:59:05] [Server thread/INFO]: Loading properties
[15:59:05] [Server thread/INFO]: Default game type: SURVIVAL
[15:59:05] [Server thread/INFO]: Generating keypair
[15:59:06] [Server thread/INFO]: Starting Minecraft server on *:25565
[15:59:06] [Server thread/INFO]: Using default channel type
[15:59:06] [Server thread/WARN]: **** SERVER IS RUNNING IN OFFLINE/INSECURE MODE!
[15:59:06] [Server thread/WARN]: The server will make no attempt to authenticate usernames. Beware.
[15:59:06] [Server thread/WARN]: While this makes the game possible to play without internet access, it also opens up the ability for hackers to connect with any username they choose.
[15:59:06] [Server thread/WARN]: To change this, set "online-mode" to "true" in the server.properties file.
[15:59:06] [Server thread/INFO]: Preparing level "Carrenoes"
[15:59:08] [Server thread/INFO]: Preparing start region for dimension minecraft:overworld
[15:59:08] [Worker-Main-4/INFO]: Preparing spawn area: 0%
[15:59:08] [Worker-Main-4/INFO]: Preparing spawn area: 0%
[15:59:09] [Worker-Main-9/INFO]: Preparing spawn area: 63%
[15:59:09] [Server thread/INFO]: Time elapsed: 1257 ms
[15:59:09] [Server thread/INFO]: Done (3.008s)! For help, type "help"
[16:30:30] [Server thread/INFO]: Unknown or incomplete command, see below for error
[16:30:30] [Server thread/INFO]: <--[HERE]
[16:31:05] [Server thread/INFO]: Axiome91[/83.198.194.79:52228] logged in with entity id 76 at (-173.2983772230272, 64.0, 6.379088132515984)
[16:31:05] [Server thread/INFO]: Axiome91 joined the game
[16:31:14] [Server thread/INFO]: Axiome91 lost connection: Disconnected
[16:31:14] [Server thread/INFO]: Axiome91 left the game
[19:19:33] [Server thread/INFO]: Axiome91[/83.198.194.79:53188] logged in with entity id 190 at (-173.2983772230272, 64.0, 6.379088132515984)
[19:19:33] [Server thread/INFO]: Axiome91 joined the game
[19:24:14] [Server thread/INFO]: Axiome91 lost connection: Disconnected
[19:24:14] [Server thread/INFO]: Axiome91 left the game
[19:40:00] [Server thread/INFO]: Axiome91[/83.198.194.79:53690] logged in with entity id 944 at (-154.78750589530063, 64.0, 14.361196413654314)
[19:40:00] [Server thread/INFO]: Axiome91 joined the game
[19:40:05] [Server thread/INFO]: Jimi[/92.130.17.160:62750] logged in with entity id 1057 at (-165.6514426919923, 61.0, 15.003375751878622)
[19:40:05] [Server thread/INFO]: Jimi joined the game
[19:41:09] [Server thread/INFO]: OraZprime[/92.130.60.65:51209] logged in with entity id 1188 at (-148.18218073544963, 54.0, 11.447623771717357)
[19:41:09] [Server thread/INFO]: OraZprime joined the game
[19:44:36] [Server thread/INFO]: Jimi lost connection: Timed out
[19:44:36] [Server thread/INFO]: Jimi left the game
[19:45:21] [Server thread/INFO]: Jimi[/92.130.17.160:63080] logged in with entity id 1891 at (-145.67588629559629, 66.0, -23.78222649035653)
[19:45:21] [Server thread/INFO]: Jimi joined the game
[19:45:28] [Server thread/INFO]: Jimi lost connection: Disconnected
[19:45:28] [Server thread/INFO]: Jimi left the game
[19:45:30] [Server thread/INFO]: Axiome91 has made the advancement [Sweet Dreams]
[19:45:41] [Server thread/INFO]: Jimi[/92.130.17.160:63114] logged in with entity id 1951 at (-152.86263091920452, 64.0, -23.69999998807907)
[19:45:41] [Server thread/INFO]: Jimi joined the game
[19:52:27] [Server thread/INFO]: Jimi lost connection: Timed out
[19:52:27] [Server thread/INFO]: Jimi left the game
[19:52:37] [Server thread/INFO]: Jimi[/92.130.17.160:63418] logged in with entity id 3525 at (-136.22330644319706, 64.0, -8.115736158186138)
[19:52:37] [Server thread/INFO]: Jimi joined the game
[19:56:25] [Server thread/INFO]: Axiome91 lost connection: Disconnected
[19:56:25] [Server thread/INFO]: Axiome91 left the game
[19:56:31] [Server thread/INFO]: Jimi lost connection: Disconnected
[19:56:31] [Server thread/INFO]: Jimi left the game
[19:56:56] [Server thread/INFO]: Jimi[/92.130.17.160:63513] logged in with entity id 4314 at (-165.053107487132, 64.0, -10.331928627037023)
[19:56:56] [Server thread/INFO]: Jimi joined the game
[20:11:59] [Server thread/INFO]: Axiome91[/83.198.194.79:53993] logged in with entity id 7215 at (-152.51765404416705, 64.0, 6.959180378461967)
[20:11:59] [Server thread/INFO]: Axiome91 joined the game
[20:23:25] [Server thread/INFO]: Axiome91 has made the advancement [Voluntary Exile]
[20:36:18] [Server thread/INFO]: Axiome91 has made the advancement [Take Aim]
[20:39:50] [Server thread/INFO]: Axiome91 lost connection: Disconnected
[20:39:50] [Server thread/INFO]: Axiome91 left the game
[20:42:27] [Server thread/INFO]: OraZprime has made the advancement [A Seedy Place]
[20:44:54] [Server thread/INFO]: Axiome91[/83.198.194.79:54138] logged in with entity id 13506 at (-138.44486289119843, 65.0, 51.50296710882511)
[20:44:54] [Server thread/INFO]: Axiome91 joined the game
[20:46:08] [Server thread/INFO]: OraZprime hit the ground too hard
[21:01:01] [Server thread/INFO]: OraZprime lost connection: Timed out
[21:01:01] [Server thread/INFO]: OraZprime left the game
[21:15:50] [Server thread/INFO]: Jimi has made the advancement [Sweet Dreams]
[21:20:04] [Server thread/INFO]: Axiome91 lost connection: Disconnected
[21:20:04] [Server thread/INFO]: Axiome91 left the game
[21:20:12] [Server thread/INFO]: Jimi lost connection: Disconnected
[21:20:12] [Server thread/INFO]: Jimi left the game
